[Licensing::Module] Trying to connect to existing licensing client channel...
Built from '6000.2/respin/6000.2.6f2-cc51a95c03' branch; Version is '6000.2.6f2 (4a4dcaec6541) revision 4869578'; Using compiler version '194234433'; Build Type 'Release'
OS: 'Windows 11  (10.0.26100) 64bit Professional' Language: 'en' Physical Memory: 8010 MB
BatchMode: 1, IsHumanControllingUs: 0, StartBugReporterOnCrash: 0, Is64bit: 1
Date: 2025-11-20T13:57:47Z

COMMAND LINE ARGUMENTS:
C:\Program Files\Unity\Hub\Editor\6000.2.6f2\Editor\Unity.exe
-adb2
-batchMode
-noUpm
-name
AssetImportWorker0
-projectPath
C:/Users/dorjanjacobs/Documents/RePository/Top-Down-Adventure-/NBA YoungBoy
-logFile
Logs/AssetImportWorker0.log
-srvPort
53773
-licensingIpc
LicenseClient-dorjanjacobs
-job-worker-count
3
-background-job-worker-count
8
-gc-helper-count
1
-name
AssetImport
Successfully changed project path to: C:/Users/dorjanjacobs/Documents/RePository/Top-Down-Adventure-/NBA YoungBoy
C:/Users/dorjanjacobs/Documents/RePository/Top-Down-Adventure-/NBA YoungBoy
[UnityMemory] Configuration Parameters - Can be set up in boot.config
    "memorysetup-allocator-temp-initial-block-size-main=262144"
    "memorysetup-allocator-temp-initial-block-size-worker=262144"
    "memorysetup-bucket-allocator-granularity=16"
    "memorysetup-bucket-allocator-bucket-count=8"
    "memorysetup-bucket-allocator-block-size=33554432"
    "memorysetup-bucket-allocator-block-count=8"
    "memorysetup-main-allocator-block-size=16777216"
    "memorysetup-thread-allocator-block-size=16777216"
    "memorysetup-gfx-main-allocator-block-size=16777216"
    "memorysetup-gfx-thread-allocator-block-size=16777216"
    "memorysetup-cache-allocator-block-size=4194304"
    "memorysetup-typetree-allocator-block-size=2097152"
    "memorysetup-profiler-bucket-allocator-granularity=16"
    "memorysetup-profiler-bucket-allocator-bucket-count=8"
    "memorysetup-profiler-bucket-allocator-block-size=33554432"
    "memorysetup-profiler-bucket-allocator-block-count=8"
    "memorysetup-profiler-allocator-block-size=16777216"
    "memorysetup-profiler-editor-allocator-block-size=1048576"
    "memorysetup-temp-allocator-size-main=16777216"
    "memorysetup-job-temp-allocator-block-size=2097152"
    "memorysetup-job-temp-allocator-block-size-background=1048576"
    "memorysetup-job-temp-allocator-reduction-small-platforms=262144"
    "memorysetup-temp-allocator-size-background-worker=32768"
    "memorysetup-temp-allocator-size-job-worker=262144"
    "memorysetup-temp-allocator-size-preload-manager=33554432"
    "memorysetup-temp-allocator-size-nav-mesh-worker=65536"
    "memorysetup-temp-allocator-size-audio-worker=65536"
    "memorysetup-temp-allocator-size-cloud-worker=32768"
    "memorysetup-temp-allocator-size-gi-baking-worker=262144"
    "memorysetup-temp-allocator-size-gi-baking-worker=262144"
    "memorysetup-temp-allocator-size-gi-baking-worker=262144"
    "memorysetup-temp-allocator-size-gi-baking-worker=262144"
    "memorysetup-temp-allocator-size-gi-baking-worker=262144"
    "memorysetup-temp-allocator-size-gfx=262144"
[Licensing::IpcConnector] Successfully connected to: "LicenseClient-dorjanjacobs" at "2025-11-20T13:57:47.6480859Z"
Player connection [14320]  Target information:

Player connection [14320]  * "[IP] 10.220.25.25 [Port] 0 [Flags] 2 [Guid] 3015427761 [EditorId] 3015427761 [Version] 1048832 [Id] WindowsEditor(7,UAC-LS-9237KL3) [Debug] 1 [PackageName] WindowsEditor [ProjectName] Editor" 

Player connection [14320] Host joined multi-casting on [225.0.0.222:54997]...
Player connection [14320] Host joined alternative multi-casting on [225.0.0.222:34997]...
JobSystem: Creating JobQueue using job-worker-count value 3
Input System module state changed to: Initialized.
[Physics::Module] Initialized fallback backend.
[Physics::Module] Id: 0xdecafbad
[Licensing::Client] Code 10 while verifying Licensing Client signature (process Id: 7396, path: "C:/Program Files/Unity Hub/UnityLicensingClient_V1/Unity.Licensing.Client.exe")
[Licensing::Module] LicensingClient has failed validation; ignoring
[Licensing::Client] Error: HandshakeResponse reported an error:
	ResponseCode: 505
	ResponseStatus: Unsupported protocol version '1.17.2'.
[Licensing::Module] Error: Failed to handshake to channel: "LicenseClient-dorjanjacobs"
[Licensing::IpcConnector] LicenseClient-dorjanjacobs channel disconnected successfully.
[Licensing::IpcConnector] Successfully connected to: "LicenseClient-dorjanjacobs-6000.2.6" at "2025-11-20T13:57:48.2541047Z"
Library Redirect Path: Library/
[Licensing::Client] Code 10 while verifying Licensing Client signature (process Id: 2904, path: "C:/Program Files/Unity/Hub/Editor/6000.2.6f2/Editor/Data/Resources/Licensing/Client/Unity.Licensing.Client.exe")
[Licensing::Module] LicensingClient has failed validation; ignoring
[Licensing::Client] Handshaking with LicensingClient:
  Version:                 1.17.2+ff71f16
  Session Id:              6c622ba29add4d119342fe1225ffb8dc
  Correlation Id:          b12803bc0ed589d0da1a5244cf4a2696
  External correlation Id: 3234792302877275273
  Machine Id:              Oh3xc0TMHIFEGDgz+BNVe4jMKTY=
[Licensing::Module] Successfully connected to LicensingClient on channel: "LicenseClient-dorjanjacobs-6000.2.6" (connect: 0.00s, validation: 0.03s, handshake: 0.18s)
[Licensing::IpcConnector] Successfully connected to: "LicenseClient-dorjanjacobs-6000.2.6-notifications" at "2025-11-20T13:57:48.4691404Z"
[Licensing::Module] Licensing Background thread has ended after 0.87s
[Physics::Module] Selected backend.
[Physics::Module] Name: PhysX
[Physics::Module] Id: 0xf2b8ea05
[Physics::Module] SDK Version: 4.1.2
[Physics::Module] Integration Version: 1.0.0
[Physics::Module] Threading Mode: Multi-Threaded
Refreshing native plugins compatible for Editor in 689.95 ms, found 4 plugins.
Preloading 0 native plugins for Editor in 0.00 ms.
Initialize engine version: 6000.2.6f2 (4a4dcaec6541)
[Subsystems] Discovering subsystems at path C:/Program Files/Unity/Hub/Editor/6000.2.6f2/Editor/Data/Resources/UnitySubsystems
[Subsystems] Discovering subsystems at path C:/Users/dorjanjacobs/Documents/RePository/Top-Down-Adventure-/NBA YoungBoy/Assets
GfxDevice: creating device client; kGfxThreadingModeNonThreaded
d3d12: failed to query info queue interface (0x80004002).
Direct3D:
    Version:         Direct3D 12 [level 12.1]
    Renderer:        Intel(R) UHD Graphics 620 (ID=0x3ea0)
    Vendor:          Intel
    VRAM:            4005 MB
    App VRAM Budget: 3604 MB
    Driver:          31.0.101.2130
    Unified Memory Architecture
    Cache Coherent UMA
Initialize mono
Mono path[0] = 'C:/Program Files/Unity/Hub/Editor/6000.2.6f2/Editor/Data/Managed'
Mono path[1] = 'C:/Program Files/Unity/Hub/Editor/6000.2.6f2/Editor/Data/MonoBleedingEdge/lib/mono/unityjit-win32'
Mono config path = 'C:/Program Files/Unity/Hub/Editor/6000.2.6f2/Editor/Data/MonoBleedingEdge/etc'
Using monoOptions --debugger-agent=transport=dt_socket,embedding=1,server=y,suspend=n,address=127.0.0.1:56772
Begin MonoManager ReloadAssembly
Registering precompiled unity dll's ...
Register platform support module: C:/Program Files/Unity/Hub/Editor/6000.2.6f2/Editor/Data/PlaybackEngines/WindowsStandaloneSupport/UnityEditor.WindowsStandalone.Extensions.dll
Registered in 0.343190 seconds.
- Loaded All Assemblies, in 32.085 seconds
Native extension for WindowsStandalone target not found
Mono: successfully reloaded assembly
- Finished resetting the current domain, in  0.609 seconds
Domain Reload Profiling: 32691ms
	BeginReloadAssembly (27091ms)
		ExecutionOrderSort (0ms)
		DisableScriptedObjects (0ms)
		BackupInstance (0ms)
		ReleaseScriptingObjects (0ms)
		CreateAndSetChildDomain (5ms)
	RebuildCommonClasses (1625ms)
	RebuildNativeTypeToScriptingClass (28ms)
	initialDomainReloadingComplete (490ms)
	LoadAllAssembliesAndSetupDomain (2846ms)
		LoadAssemblies (27079ms)
		RebuildTransferFunctionScriptingTraits (0ms)
		AnalyzeDomain (2840ms)
			TypeCache.Refresh (2836ms)
				TypeCache.ScanAssembly (2135ms)
			BuildScriptInfoCaches (1ms)
			ResolveRequiredComponents (1ms)
	FinalizeReload (611ms)
		ReleaseScriptCaches (0ms)
		RebuildScriptCaches (0ms)
		SetupLoadedEditorAssemblies (528ms)
			LogAssemblyErrors (0ms)
			InitializePlatformSupportModulesInManaged (94ms)
			SetLoadedEditorAssemblies (5ms)
			BeforeProcessingInitializeOnLoad (127ms)
			ProcessInitializeOnLoadAttributes (197ms)
			ProcessInitializeOnLoadMethodAttributes (105ms)
			AfterProcessingInitializeOnLoad (0ms)
			EditorAssembliesLoaded (0ms)
		ExecutionOrderSort2 (0ms)
		AwakeInstancesAfterBackupRestoration (0ms)
========================================================================
Worker process is ready to serve import requests
Import Worker Mode flag is 0x00
Begin MonoManager ReloadAssembly
[Licensing::Client] Successfully resolved entitlement details
[Licensing::Module] License group:
  Id: 2475883197153-UnityPersXXXX
  Product: Unity Personal
  Type: Assigned
  Expiration: Unlimited
- Loaded All Assemblies, in 30.511 seconds
Refreshing native plugins compatible for Editor in 3.90 ms, found 4 plugins.
Native extension for WindowsStandalone target not found
Package Manager log level set to [2]
[Package Manager] Failed to launch server process. Reason: Unity was launched with the -noUpm command-line argument
[Package Manager] Unable to send message (not connected to server process).
[Package Manager] Cannot connect to Unity Package Manager local server
Mono: successfully reloaded assembly
- Finished resetting the current domain, in  5.334 seconds
Domain Reload Profiling: 35829ms
	BeginReloadAssembly (573ms)
		ExecutionOrderSort (0ms)
		DisableScriptedObjects (26ms)
		BackupInstance (0ms)
		ReleaseScriptingObjects (0ms)
		CreateAndSetChildDomain (80ms)
	RebuildCommonClasses (103ms)
	RebuildNativeTypeToScriptingClass (33ms)
	initialDomainReloadingComplete (103ms)
	LoadAllAssembliesAndSetupDomain (29681ms)
		LoadAssemblies (28064ms)
		RebuildTransferFunctionScriptingTraits (0ms)
		AnalyzeDomain (1941ms)
			TypeCache.Refresh (1656ms)
				TypeCache.ScanAssembly (1612ms)
			BuildScriptInfoCaches (233ms)
			ResolveRequiredComponents (37ms)
	FinalizeReload (5336ms)
		ReleaseScriptCaches (0ms)
		RebuildScriptCaches (0ms)
		SetupLoadedEditorAssemblies (3678ms)
			LogAssemblyErrors (0ms)
			InitializePlatformSupportModulesInManaged (5ms)
			SetLoadedEditorAssemblies (14ms)
			BeforeProcessingInitializeOnLoad (471ms)
			ProcessInitializeOnLoadAttributes (1418ms)
			ProcessInitializeOnLoadMethodAttributes (1756ms)
			AfterProcessingInitializeOnLoad (14ms)
			EditorAssembliesLoaded (0ms)
		ExecutionOrderSort2 (0ms)
		AwakeInstancesAfterBackupRestoration (19ms)
Launched and connected shader compiler UnityShaderCompiler.exe after 0.14 seconds
Refreshing native plugins compatible for Editor in 4.83 ms, found 4 plugins.
Preloading 0 native plugins for Editor in 0.00 ms.
Unloading 37 Unused Serialized files (Serialized files now loaded: 0)
Unloading 6788 unused Assets / (7.1 MB). Loaded Objects now: 7455.
Memory consumption went from 142.0 MB to 135.0 MB.
Total: 54.069700 ms (FindLiveObjects: 5.729900 ms CreateObjectMapping: 3.270400 ms MarkObjects: 24.617800 ms  DeleteObjects: 20.444300 ms)

========================================================================
Received Import Request.
  Time since last request: 2942.702212 seconds.
  path: Assets/_Recovery/0 (3).unity
  artifactKey: Guid(1f7cf62db09485a4c96933dd7fb77daa) Importer(2089858483,192608db42251d675da83286b1cce702)
Start importing Assets/_Recovery/0 (3).unity using Guid(1f7cf62db09485a4c96933dd7fb77daa) Importer(2089858483,192608db42251d675da83286b1cce702) (ScriptedImporter) -> (artifact id: '0f3075b6f5e724bd1cf08cab15c56423') in 0.8130107 seconds
Number of updated asset objects reloaded before import = 0Number of asset objects unloaded after import = 1

========================================================================
Received Import Request.
  Time since last request: 0.000047 seconds.
  path: Assets/_Recovery/0 (4).unity
  artifactKey: Guid(e80ba94416740684e855a962367e6899) Importer(2089858483,192608db42251d675da83286b1cce702)
Start importing Assets/_Recovery/0 (4).unity using Guid(e80ba94416740684e855a962367e6899) Importer(2089858483,192608db42251d675da83286b1cce702) (ScriptedImporter) -> (artifact id: '24d96a54f0615e0cd4b7ebae7d06ace6') in 0.0632692 seconds
Number of updated asset objects reloaded before import = 0Number of asset objects unloaded after import = 1

========================================================================
Received Import Request.
  Time since last request: 0.000072 seconds.
  path: Assets/Art/Tileset
  artifactKey: Guid(14b499b2ce64dc34bb9113b10ea1b3bf) Importer(815301076,1909f56bfc062723c751e8b465ee728b)
Start importing Assets/Art/Tileset using Guid(14b499b2ce64dc34bb9113b10ea1b3bf) Importer(815301076,1909f56bfc062723c751e8b465ee728b) (PreviewImporter) -> (artifact id: 'be25bf43147e1eb2e124d18babd26c9e') in 0.0010109 seconds
Number of updated asset objects reloaded before import = 0Number of asset objects unloaded after import = 0

========================================================================
Received Import Request.
  Time since last request: 0.000042 seconds.
  path: Assets/Art/idle.anim
  artifactKey: Guid(7f384fa934e2d064cacde3e4c9cb69cd) Importer(2089858483,192608db42251d675da83286b1cce702)
Start importing Assets/Art/idle.anim using Guid(7f384fa934e2d064cacde3e4c9cb69cd) Importer(2089858483,192608db42251d675da83286b1cce702) (ScriptedImporter) -> (artifact id: 'e56482deab668fbf5e191e1c62bf50e7') in 0.2457519 seconds
Number of updated asset objects reloaded before import = 0Number of asset objects unloaded after import = 1

========================================================================
Received Import Request.
  Time since last request: 0.000064 seconds.
  path: Assets/Art/Player.controller
  artifactKey: Guid(534d1780ea6d5084387f2d110ebd9fe8) Importer(2089858483,192608db42251d675da83286b1cce702)
Start importing Assets/Art/Player.controller using Guid(534d1780ea6d5084387f2d110ebd9fe8) Importer(2089858483,192608db42251d675da83286b1cce702) (ScriptedImporter) -> (artifact id: '1f720fef23a8dc5eb464bd3430cfb08f') in 0.2073738 seconds
Number of updated asset objects reloaded before import = 0Number of asset objects unloaded after import = 12

========================================================================
Received Import Request.
  Time since last request: 0.000041 seconds.
  path: Assets/Scripts/PLayer Movement.cs
  artifactKey: Guid(681f4b170b0076b4fb477c403c3645b4) Importer(2089858483,192608db42251d675da83286b1cce702)
Start importing Assets/Scripts/PLayer Movement.cs using Guid(681f4b170b0076b4fb477c403c3645b4) Importer(2089858483,192608db42251d675da83286b1cce702) (ScriptedImporter) -> (artifact id: 'e79717d0ec359d5f9dfad6b9d4ad11ae') in 0.0410521 seconds
Number of updated asset objects reloaded before import = 0Number of asset objects unloaded after import = 0

========================================================================
Received Import Request.
  Time since last request: 0.000043 seconds.
  path: Assets/Art/Tileset/TilesetHouse.png
  artifactKey: Guid(430d19c237f81b440a4256b21c14732c) Importer(2089858483,192608db42251d675da83286b1cce702)
Start importing Assets/Art/Tileset/TilesetHouse.png using Guid(430d19c237f81b440a4256b21c14732c) Importer(2089858483,192608db42251d675da83286b1cce702) (ScriptedImporter) -> (artifact id: 'e8dbd64b495c7366971029b18f643fb1') in 0.1961677 seconds
Number of updated asset objects reloaded before import = 0Number of asset objects unloaded after import = 19

========================================================================
Received Import Request.
  Time since last request: 0.709445 seconds.
  path: Assets/Art/Tileset
  artifactKey: Guid(14b499b2ce64dc34bb9113b10ea1b3bf) Importer(2089858483,192608db42251d675da83286b1cce702)
Start importing Assets/Art/Tileset using Guid(14b499b2ce64dc34bb9113b10ea1b3bf) Importer(2089858483,192608db42251d675da83286b1cce702) (ScriptedImporter) -> (artifact id: '67d8e476e65a7d268590a889c3b499a9') in 0.0160042 seconds
Number of updated asset objects reloaded before import = 0Number of asset objects unloaded after import = 1

========================================================================
Received Import Request.
  Time since last request: 106.006227 seconds.
  path: Assets/Art/Tilesets
  artifactKey: Guid(14b499b2ce64dc34bb9113b10ea1b3bf) Importer(815301076,1909f56bfc062723c751e8b465ee728b)
Start importing Assets/Art/Tilesets using Guid(14b499b2ce64dc34bb9113b10ea1b3bf) Importer(815301076,1909f56bfc062723c751e8b465ee728b) (PreviewImporter) -> (artifact id: '97edbf01264d43c9cdc9aefb3eb12d1d') in 0.00115 seconds
Number of updated asset objects reloaded before import = 0Number of asset objects unloaded after import = 0

========================================================================
Received Import Request.
  Time since last request: 0.749700 seconds.
  path: Assets/Art/Tilesets
  artifactKey: Guid(14b499b2ce64dc34bb9113b10ea1b3bf) Importer(2089858483,192608db42251d675da83286b1cce702)
Start importing Assets/Art/Tilesets using Guid(14b499b2ce64dc34bb9113b10ea1b3bf) Importer(2089858483,192608db42251d675da83286b1cce702) (ScriptedImporter) -> (artifact id: '8f525a3b5f0b7c55ff92aa63e37734cd') in 0.0244917 seconds
Number of updated asset objects reloaded before import = 0Number of asset objects unloaded after import = 1

========================================================================
Received Import Request.
  Time since last request: 0.000025 seconds.
  path: Assets/Art/Tilesets/TilesetFloor.png
  artifactKey: Guid(553800daf5d82bb4daef434beb08ff98) Importer(2089858483,192608db42251d675da83286b1cce702)
Start importing Assets/Art/Tilesets/TilesetFloor.png using Guid(553800daf5d82bb4daef434beb08ff98) Importer(2089858483,192608db42251d675da83286b1cce702) (ScriptedImporter) -> (artifact id: '3400417e8f1135769e92c8e92afd02ea') in 0.0511912 seconds
Number of updated asset objects reloaded before import = 0Number of asset objects unloaded after import = 3

========================================================================
Received Import Request.
  Time since last request: 231.703100 seconds.
  path: Assets/Art/Tilesets/TilesetFloor.png
  artifactKey: Guid(553800daf5d82bb4daef434beb08ff98) Importer(815301076,1909f56bfc062723c751e8b465ee728b)
Start importing Assets/Art/Tilesets/TilesetFloor.png using Guid(553800daf5d82bb4daef434beb08ff98) Importer(815301076,1909f56bfc062723c751e8b465ee728b) (PreviewImporter) -> (artifact id: 'f2998cf5413206a429f55317eb858117') in 0.2381179 seconds
Number of updated asset objects reloaded before import = 0Number of asset objects unloaded after import = 3

========================================================================
Received Import Request.
  Time since last request: 69.938265 seconds.
  path: Assets/Art/Tilesets/TilesetFloor.png
  artifactKey: Guid(553800daf5d82bb4daef434beb08ff98) Importer(815301076,1909f56bfc062723c751e8b465ee728b)
Start importing Assets/Art/Tilesets/TilesetFloor.png using Guid(553800daf5d82bb4daef434beb08ff98) Importer(815301076,1909f56bfc062723c751e8b465ee728b) (PreviewImporter) -> (artifact id: 'c0246bb1cbc47ba7812f1a346a8c9bbf') in 2.4427086 seconds
Number of updated asset objects reloaded before import = 0Number of asset objects unloaded after import = 460

========================================================================
Received Import Request.
  Time since last request: 99.364547 seconds.
  path: Assets/Art/Tilesets/TilesetHouse.png
  artifactKey: Guid(430d19c237f81b440a4256b21c14732c) Importer(815301076,1909f56bfc062723c751e8b465ee728b)
Start importing Assets/Art/Tilesets/TilesetHouse.png using Guid(430d19c237f81b440a4256b21c14732c) Importer(815301076,1909f56bfc062723c751e8b465ee728b) (PreviewImporter) -> (artifact id: 'b74d5faa743d0cf01e02a8dcca6bdebe') in 0.2428152 seconds
Number of updated asset objects reloaded before import = 0Number of asset objects unloaded after import = 19

========================================================================
Received Import Request.
  Time since last request: 17.535518 seconds.
  path: Assets/Art/Tilesets/TilesetHouse.png
  artifactKey: Guid(430d19c237f81b440a4256b21c14732c) Importer(815301076,1909f56bfc062723c751e8b465ee728b)
Start importing Assets/Art/Tilesets/TilesetHouse.png using Guid(430d19c237f81b440a4256b21c14732c) Importer(815301076,1909f56bfc062723c751e8b465ee728b) (PreviewImporter) -> (artifact id: '7e930408bd354ecfc796d4ee559cdb49') in 3.4510464 seconds
Number of updated asset objects reloaded before import = 0Number of asset objects unloaded after import = 650

========================================================================
Received Import Request.
  Time since last request: 444.421279 seconds.
  path: Assets/Art/Tilesets/Ground/Ground.prefab
  artifactKey: Guid(1aab2f8d2290f714fa8bf24b19e58ca6) Importer(2089858483,192608db42251d675da83286b1cce702)
Start importing Assets/Art/Tilesets/Ground/Ground.prefab using Guid(1aab2f8d2290f714fa8bf24b19e58ca6) Importer(2089858483,192608db42251d675da83286b1cce702) (ScriptedImporter) -> (artifact id: '50218ea876aea02176c86554c9e29bba') in 0.1171745 seconds
Number of updated asset objects reloaded before import = 0Number of asset objects unloaded after import = 10

========================================================================
Received Import Request.
  Time since last request: 169.072205 seconds.
  path: Assets/Art/Tilesets/House/House.prefab
  artifactKey: Guid(c32c347c163d906459dae985a44412a9) Importer(2089858483,192608db42251d675da83286b1cce702)
Start importing Assets/Art/Tilesets/House/House.prefab using Guid(c32c347c163d906459dae985a44412a9) Importer(2089858483,192608db42251d675da83286b1cce702) (ScriptedImporter) -> (artifact id: '9ba3b9c0da0396958ea036fe001235b9') in 0.0494649 seconds
Number of updated asset objects reloaded before import = 0Number of asset objects unloaded after import = 10

========================================================================
Received Import Request.
  Time since last request: 4.958780 seconds.
  path: Assets/Art/Tilesets/Ground/TilesetFloor.png
  artifactKey: Guid(553800daf5d82bb4daef434beb08ff98) Importer(2089858483,192608db42251d675da83286b1cce702)
Start importing Assets/Art/Tilesets/Ground/TilesetFloor.png using Guid(553800daf5d82bb4daef434beb08ff98) Importer(2089858483,192608db42251d675da83286b1cce702) (ScriptedImporter) -> (artifact id: 'd2dbe6c0075df323c5c19d1dbf7f58da') in 0.9677188 seconds
Number of updated asset objects reloaded before import = 0Number of asset objects unloaded after import = 460

========================================================================
Received Import Request.
  Time since last request: 1.154693 seconds.
  path: Assets/Art/Tilesets/House/TilesetHouse.png
  artifactKey: Guid(430d19c237f81b440a4256b21c14732c) Importer(2089858483,192608db42251d675da83286b1cce702)
Start importing Assets/Art/Tilesets/House/TilesetHouse.png using Guid(430d19c237f81b440a4256b21c14732c) Importer(2089858483,192608db42251d675da83286b1cce702) (ScriptedImporter) -> (artifact id: '6a91c48c368475a72a1d4564a6f66c34') in 1.1638764 seconds
Number of updated asset objects reloaded before import = 0Number of asset objects unloaded after import = 650

========================================================================
Received Import Request.
  Time since last request: 240.893017 seconds.
  path: Assets/Art/Tilesets/Ground
  artifactKey: Guid(47e2dd2a1649bf54d875fc3d1b0f1d2f) Importer(815301076,1909f56bfc062723c751e8b465ee728b)
Start importing Assets/Art/Tilesets/Ground using Guid(47e2dd2a1649bf54d875fc3d1b0f1d2f) Importer(815301076,1909f56bfc062723c751e8b465ee728b) (PreviewImporter) -> (artifact id: 'fa6d19c83a9208153dd1c4c1a8882584') in 0.0023566 seconds
Number of updated asset objects reloaded before import = 0Number of asset objects unloaded after import = 0

========================================================================
Received Import Request.
  Time since last request: 0.000148 seconds.
  path: Assets/Art/Tilesets/Ground/Ground.prefab
  artifactKey: Guid(1aab2f8d2290f714fa8bf24b19e58ca6) Importer(815301076,1909f56bfc062723c751e8b465ee728b)
Start importing Assets/Art/Tilesets/Ground/Ground.prefab using Guid(1aab2f8d2290f714fa8bf24b19e58ca6) Importer(815301076,1909f56bfc062723c751e8b465ee728b) (PreviewImporter) -> (artifact id: '06a37ebaa9df9d2f324f9d36ede5531a') in 1.6248793 seconds
Number of updated asset objects reloaded before import = 0Number of asset objects unloaded after import = 10

========================================================================
Received Import Request.
  Time since last request: 48.622042 seconds.
  path: Assets/Art/Tilesets/House/House.prefab
  artifactKey: Guid(c32c347c163d906459dae985a44412a9) Importer(2089858483,192608db42251d675da83286b1cce702)
Start importing Assets/Art/Tilesets/House/House.prefab using Guid(c32c347c163d906459dae985a44412a9) Importer(2089858483,192608db42251d675da83286b1cce702) (ScriptedImporter) -> (artifact id: 'a9bb7f3b2b82c622be96965ed28c767d') in 0.0222132 seconds
Number of updated asset objects reloaded before import = 0Number of asset objects unloaded after import = 10

========================================================================
Received Import Request.
  Time since last request: 12.925897 seconds.
  path: Assets/Art/Tilesets/House/House.prefab
  artifactKey: Guid(c32c347c163d906459dae985a44412a9) Importer(2089858483,192608db42251d675da83286b1cce702)
Start importing Assets/Art/Tilesets/House/House.prefab using Guid(c32c347c163d906459dae985a44412a9) Importer(2089858483,192608db42251d675da83286b1cce702) (ScriptedImporter) -> (artifact id: '644d033b4cd86f06d3178ea62949c82a') in 0.0385641 seconds
Number of updated asset objects reloaded before import = 0Number of asset objects unloaded after import = 17

========================================================================
Received Import Request.
  Time since last request: 6.209524 seconds.
  path: Assets/Art/Tilesets/TilesetHouse.png
  artifactKey: Guid(430d19c237f81b440a4256b21c14732c) Importer(2089858483,192608db42251d675da83286b1cce702)
Start importing Assets/Art/Tilesets/TilesetHouse.png using Guid(430d19c237f81b440a4256b21c14732c) Importer(2089858483,192608db42251d675da83286b1cce702) (ScriptedImporter) -> (artifact id: 'aa96b8d6aa0354d3a2912b2eaedefa97') in 1.2947804 seconds
Number of updated asset objects reloaded before import = 0Number of asset objects unloaded after import = 650

========================================================================
Received Import Request.
  Time since last request: 9.066909 seconds.
  path: Assets/Art/Tilesets/TilesetFloor.png
  artifactKey: Guid(553800daf5d82bb4daef434beb08ff98) Importer(2089858483,192608db42251d675da83286b1cce702)
Start importing Assets/Art/Tilesets/TilesetFloor.png using Guid(553800daf5d82bb4daef434beb08ff98) Importer(2089858483,192608db42251d675da83286b1cce702) (ScriptedImporter) -> (artifact id: '68ce2a962f5e55b67425386faf441e80') in 0.6960156 seconds
Number of updated asset objects reloaded before import = 0Number of asset objects unloaded after import = 460

========================================================================
Received Import Request.
  Time since last request: 0.579005 seconds.
  path: Assets/Art/Tilesets/House/House.prefab
  artifactKey: Guid(c32c347c163d906459dae985a44412a9) Importer(2089858483,192608db42251d675da83286b1cce702)
Start importing Assets/Art/Tilesets/House/House.prefab using Guid(c32c347c163d906459dae985a44412a9) Importer(2089858483,192608db42251d675da83286b1cce702) (ScriptedImporter) -> (artifact id: 'a496942b25d22cea21a18a813609ae52') in 0.0200262 seconds
Number of updated asset objects reloaded before import = 0Number of asset objects unloaded after import = 24

========================================================================
Received Import Request.
  Time since last request: 2.785241 seconds.
  path: Assets/Art/Tilesets/House
  artifactKey: Guid(1049bf5ee004c9d459994a86d7edf17d) Importer(815301076,1909f56bfc062723c751e8b465ee728b)
Start importing Assets/Art/Tilesets/House using Guid(1049bf5ee004c9d459994a86d7edf17d) Importer(815301076,1909f56bfc062723c751e8b465ee728b) (PreviewImporter) -> (artifact id: 'ccc0efffdaeb735d855d817fd02c9544') in 0.0033449 seconds
Number of updated asset objects reloaded before import = 0Number of asset objects unloaded after import = 0

========================================================================
Received Import Request.
  Time since last request: 0.000067 seconds.
  path: Assets/Art/Tilesets/House/House.prefab
  artifactKey: Guid(c32c347c163d906459dae985a44412a9) Importer(815301076,1909f56bfc062723c751e8b465ee728b)
Start importing Assets/Art/Tilesets/House/House.prefab using Guid(c32c347c163d906459dae985a44412a9) Importer(815301076,1909f56bfc062723c751e8b465ee728b) (PreviewImporter) -> (artifact id: '3b8dca8edaf425470f2aae6eec26d2f6') in 0.032904 seconds
Number of updated asset objects reloaded before import = 0Number of asset objects unloaded after import = 34

